I, [2024-02-04T20:25:52] -- medaka: Start medaka server v1.2.1 ...
I, [2024-02-04T20:28:41] -- medaka: next
I, [2024-02-04T20:28:41] -- medaka: n=1
I, [2024-02-04T20:28:41] -- medaka: len=151
I, [2024-02-04T20:30:42] -- medaka: Start medaka server v1.2.1 ...
I, [2024-02-05T05:52:26] -- medaka: Start medaka server v1.2.1 ...
I, [2024-02-05T06:22:05] -- medaka: Start medaka server v1.2.1 ...
I, [2024-02-05T06:25:02] -- medaka: Start medaka server v1.2.1 ...
E, [2024-02-05T07:28:28] -- medaka: cannot open: D:\HD-LLU3\Videos\YouTube\陰の実力者になりたくて\Rose interrogates Cid regarding Claire.mp4
E, [2024-02-05T07:29:05] -- medaka: cannot open: D:/HD-LLU3/Videos/YouTube/陰の実力者になりたくて/Rose interrogates Cid regarding Claire.mp4
E, [2024-02-05T07:29:16] -- medaka: cannot open: D:/HD-LLU3/Videos/YouTube/陰の実力者になりたくて/Rose interrogates Cid regarding Claire.mp4
I, [2024-02-05T11:07:14] -- medaka: Start medaka server v1.2.1 ...
I, [2024-02-06T04:48:21] -- medaka: Start medaka server v1.2.1 ...
I, [2024-02-06T11:07:07] -- medaka: Start medaka server v1.2.1 ...
E, [2024-02-06T11:07:15] -- medaka: cannot open: /media/makandat/Crucial X6/Video/陰の実力者になりたくて/Deltas Manners.mp4
I, [2024-02-12T06:47:44] -- medaka: Start medaka server v1.2.1 ...
E, [2024-02-12T06:47:55] -- medaka: cannot open: /media/makandat/Crucial X6/Video/陰の実力者になりたくて/Deltas Manners.mp4
I, [2024-02-12T06:50:05] -- medaka: Start medaka server v1.2.1 ...
I, [2024-03-01T15:49:41] -- medaka: Start medaka server v1.2.1 ...
I, [2024-03-02T07:37:49] -- medaka: Start medaka server v1.2.1 ...
E, [2024-03-02T07:38:18] -- medaka: cannot open: D:\HD-LLU3\Videos\YouTube\陰の実力者になりたくて\Nu Discovered Cids FⓔTISH.mp4
I, [2024-03-02T12:53:42] -- medaka: Start medaka server v1.2.1 ...
I, [2024-03-02T15:01:08] -- medaka: Start medaka server v1.2.1 ...
I, [2024-03-02T15:41:28] -- medaka: Start medaka server v1.2.1 ...
I, [2024-03-02T15:43:41] -- medaka: Start medaka server v1.2.1 ...
I, [2024-03-02T15:46:45] -- medaka: Start medaka server v1.2.1 ...
I, [2024-03-04T05:13:28] -- medaka: Start medaka server v1.2.1 ...
I, [2024-03-05T12:54:27] -- medaka: Start medaka server v1.2.1 ...
I, [2024-03-05T17:02:47] -- medaka: Start medaka server v1.2.1 ...
I, [2024-03-05T20:48:54] -- medaka: Start medaka server v1.2.1 ...
I, [2024-03-06T05:02:47] -- medaka: Start medaka server v1.2.1 ...
I, [2024-03-08T05:36:53] -- medaka: Start medaka server v1.2.1 ...
I, [2024-03-17T05:50:46] -- medaka: Start medaka server v1.2.1 ...
I, [2024-03-18T05:08:29] -- medaka: Start medaka server v1.2.1 ...
I, [2024-03-19T10:20:52] -- medaka: Start medaka server v1.2.1 ...
I, [2024-03-20T09:55:29] -- medaka: Start medaka server v1.2.1 ...
I, [2024-03-24T19:13:01] -- medaka: Start medaka server v1.2.1 ...
I, [2024-04-11T07:53:45] -- medaka: Start medaka server v1.2.1 ...
I, [2024-04-11T07:56:28] -- medaka: Start medaka server v1.2.1 ...
I, [2024-04-11T12:34:22] -- medaka: Start medaka server v1.2.1 ...
I, [2024-04-17T08:14:21] -- medaka: Start medaka server v1.2.1 ...
I, [2024-04-18T05:22:56] -- medaka: Start medaka server v1.2.1 ...
I, [2024-05-02T08:53:42] -- medaka: Start medaka server v1.2.1 ...
I, [2024-05-08T07:14:04] -- medaka: Start medaka server v1.2.1 ...
I, [2024-05-09T05:15:02] -- medaka: Start medaka server v1.2.1 ...
I, [2024-07-14T16:26:09] -- medaka: Start medaka server v1.2.1 ...
